<?xml version="1.0" encoding="UTF-8"?>
<testsuite xmlns:xsi="http://www.w3.org/2001/XMLSchema-instance" xsi:noNamespaceSchemaLocation="https://maven.apache.org/surefire/maven-surefire-plugin/xsd/surefire-test-report-3.0.xsd" version="3.0" name="com.sistemavidracaria.functions.CalculosDiversosTest" time="13.924" tests="2" errors="0" skipped="0" failures="0">
  <properties>
[...]
</properties>
  <testcase name="calculoArea" classname="com.sistemavidracaria.functions.CalculosDiversosTest" time="1.361">
    <system-out><![CDATA[00:53:09.911 [main] INFO org.springframework.test.context.support.AnnotationConfigContextLoaderUtils -- Could not detect default configuration classes for test class [com.sistemavidracaria.functions.CalculosDiversosTest]: CalculosDiversosTest does not declare any static, non-private, non-final, nested classes annotated with @Configuration.
00:53:10.216 [main] INFO org.springframework.boot.test.context.SpringBootTestContextBootstrapper -- Found @SpringBootConfiguration com.sistemavidracaria.SistemaVidracariaApplication for test class com.sistemavidracaria.functions.CalculosDiversosTest

  .   ____          _            __ _ _
 /\\ / ___'_ __ _ _(_)_ __  __ _ \ \ \ \
( ( )\___ | '_ | '_| | '_ \/ _` | \ \ \ \
 \\/  ___)| |_)| | | | | || (_| |  ) ) ) )
  '  |____| .__|_| |_|_| |_\__, | / / / /
 =========|_|==============|___/=/_/_/_/
 :: Spring Boot ::                (v3.1.4)

2023-10-18T00:53:11.319-03:00  INFO 12948 --- [           main] c.s.functions.CalculosDiversosTest       : Starting CalculosDiversosTest using Java 17.0.4.1 with PID 12948 (started by Micro in D:\Desenvolvimento\Sistema Vidraçaria\vidracaria-backend\sistema-vidracaria)
2023-10-18T00:53:11.323-03:00  INFO 12948 --- [           main] c.s.functions.CalculosDiversosTest       : The following 1 profile is active: "test"
2023-10-18T00:53:12.760-03:00  INFO 12948 --- [           main] .s.d.r.c.RepositoryConfigurationDelegate : Bootstrapping Spring Data JPA repositories in DEFAULT mode.
2023-10-18T00:53:12.929-03:00  INFO 12948 --- [           main] .s.d.r.c.RepositoryConfigurationDelegate : Finished Spring Data repository scanning in 154 ms. Found 11 JPA repository interfaces.
2023-10-18T00:53:14.129-03:00  INFO 12948 --- [           main] o.s.b.w.embedded.tomcat.TomcatWebServer  : Tomcat initialized with port(s): 0 (http)
2023-10-18T00:53:14.161-03:00  INFO 12948 --- [           main] o.apache.catalina.core.StandardService   : Starting service [Tomcat]
2023-10-18T00:53:14.162-03:00  INFO 12948 --- [           main] o.apache.catalina.core.StandardEngine    : Starting Servlet engine: [Apache Tomcat/10.1.13]
2023-10-18T00:53:14.452-03:00  INFO 12948 --- [           main] o.a.c.c.C.[Tomcat].[localhost].[/]       : Initializing Spring embedded WebApplicationContext
2023-10-18T00:53:14.455-03:00  INFO 12948 --- [           main] w.s.c.ServletWebServerApplicationContext : Root WebApplicationContext: initialization completed in 3056 ms
2023-10-18T00:53:14.513-03:00  INFO 12948 --- [           main] com.zaxxer.hikari.HikariDataSource       : HikariPool-1 - Starting...
2023-10-18T00:53:15.151-03:00  INFO 12948 --- [           main] com.zaxxer.hikari.pool.HikariPool        : HikariPool-1 - Added connection conn0: url=jdbc:h2:mem:~/testdb user=SA
2023-10-18T00:53:15.155-03:00  INFO 12948 --- [           main] com.zaxxer.hikari.HikariDataSource       : HikariPool-1 - Start completed.
2023-10-18T00:53:15.182-03:00  INFO 12948 --- [           main] o.s.b.a.h2.H2ConsoleAutoConfiguration    : H2 console available at '/h2'. Database available at 'jdbc:h2:mem:~/testdb'
2023-10-18T00:53:15.507-03:00  INFO 12948 --- [           main] o.f.c.internal.license.VersionPrinter    : Flyway Community Edition 9.16.3 by Redgate
2023-10-18T00:53:15.507-03:00  INFO 12948 --- [           main] o.f.c.internal.license.VersionPrinter    : See release notes here: https://rd.gt/416ObMi
2023-10-18T00:53:15.508-03:00  INFO 12948 --- [           main] o.f.c.internal.license.VersionPrinter    : 
2023-10-18T00:53:15.539-03:00  INFO 12948 --- [           main] o.f.c.i.database.base.BaseDatabaseType   : Database: jdbc:h2:mem:~/testdb (H2 2.1)
2023-10-18T00:53:15.672-03:00  INFO 12948 --- [           main] o.f.c.i.s.JdbcTableSchemaHistory         : Schema history table "PUBLIC"."flyway_schema_history" does not exist yet
2023-10-18T00:53:15.677-03:00  INFO 12948 --- [           main] o.f.core.internal.command.DbValidate     : Successfully validated 1 migration (execution time 00:00.036s)
2023-10-18T00:53:15.691-03:00  INFO 12948 --- [           main] o.f.c.i.s.JdbcTableSchemaHistory         : Creating Schema History table "PUBLIC"."flyway_schema_history" ...
2023-10-18T00:53:15.737-03:00  INFO 12948 --- [           main] o.f.core.internal.command.DbMigrate      : Current version of schema "PUBLIC": << Empty Schema >>
2023-10-18T00:53:15.759-03:00  INFO 12948 --- [           main] o.f.core.internal.command.DbMigrate      : Migrating schema "PUBLIC" to version "1 - criada estrutura inicial"
2023-10-18T00:53:15.831-03:00  INFO 12948 --- [           main] o.f.core.internal.command.DbMigrate      : Successfully applied 1 migration to schema "PUBLIC", now at version v1 (execution time 00:00.103s)
2023-10-18T00:53:16.081-03:00  INFO 12948 --- [           main] o.hibernate.jpa.internal.util.LogHelper  : HHH000204: Processing PersistenceUnitInfo [name: default]
2023-10-18T00:53:16.253-03:00  INFO 12948 --- [           main] org.hibernate.Version                    : HHH000412: Hibernate ORM core version 6.2.9.Final
2023-10-18T00:53:16.264-03:00  INFO 12948 --- [           main] org.hibernate.cfg.Environment            : HHH000406: Using bytecode reflection optimizer
2023-10-18T00:53:16.660-03:00  INFO 12948 --- [           main] o.h.b.i.BytecodeProviderInitiator        : HHH000021: Bytecode provider name : bytebuddy
2023-10-18T00:53:16.980-03:00  INFO 12948 --- [           main] o.s.o.j.p.SpringPersistenceUnitInfo      : No LoadTimeWeaver setup: ignoring JPA class transformer
2023-10-18T00:53:17.584-03:00  INFO 12948 --- [           main] o.h.b.i.BytecodeProviderInitiator        : HHH000021: Bytecode provider name : bytebuddy
2023-10-18T00:53:18.986-03:00  INFO 12948 --- [           main] o.h.e.t.j.p.i.JtaPlatformInitiator       : HHH000490: Using JtaPlatform implementation: [org.hibernate.engine.transaction.jta.platform.internal.NoJtaPlatform]
2023-10-18T00:53:18.991-03:00  INFO 12948 --- [           main] j.LocalContainerEntityManagerFactoryBean : Initialized JPA EntityManagerFactory for persistence unit 'default'
2023-10-18T00:53:19.642-03:00  INFO 12948 --- [           main] o.s.d.j.r.query.QueryEnhancerFactory     : Hibernate is in classpath; If applicable, HQL parser will be used.
2023-10-18T00:53:20.952-03:00  WARN 12948 --- [           main] JpaBaseConfiguration$JpaWebConfiguration : spring.jpa.open-in-view is enabled by default. Therefore, database queries may be performed during view rendering. Explicitly configure spring.jpa.open-in-view to disable this warning
2023-10-18T00:53:21.972-03:00  INFO 12948 --- [           main] o.s.b.w.embedded.tomcat.TomcatWebServer  : Tomcat started on port(s): 61626 (http) with context path ''
2023-10-18T00:53:21.987-03:00  INFO 12948 --- [           main] c.s.functions.CalculosDiversosTest       : Started CalculosDiversosTest in 11.363 seconds (process running for 13.989)
]]></system-out>
  </testcase>
  <testcase name="calculaMaterialMetroQuadrado" classname="com.sistemavidracaria.functions.CalculosDiversosTest" time="0.01"/>
</testsuite>